Build started 2017-02-27 11:48:52.
     1>Project "C:\KN\PW_lab1\build\Laborka.vcxproj" on node 2 (build target(s)).
     1>InitializeBuildStatus:
         Touching "Laborka.dir\Debug\Laborka.unsuccessfulbuild".
       CustomBuild:
         All outputs are up-to-date.
       ClCompile:
         c:\Program Files\Microsoft Visual Studio 10.0\VC\bin\CL.exe /c /IC:\KN\PW_lab1\build /Zi /nologo /W3 /WX- /Od /Ob0 /Oy- /D WIN32 /D _WINDOWS /D _DEBUG /D "CMAKE_INTDIR=\"Debug\"" /D _MBCS /Gm- /EHsc /RTC1 /MDd /GS /fp:precise /Zc:wchar_t /Zc:forScope /GR /Fo"Laborka.dir\Debug\\" /Fd"Laborka.dir\Debug\vc100.pdb" /Gd /TP /analyze- /errorReport:prompt ..\src\main.cpp
         main.cpp
     1>..\src\main.cpp(12): error C4430: missing type specifier - int assumed. Note: C++ does not support default-int
     1>..\src\main.cpp(12): error C2065: 'pi' : undeclared identifier
     1>Done Building Project "C:\KN\PW_lab1\build\Laborka.vcxproj" (build target(s)) -- FAILED.

Build FAILED.

Time Elapsed 00:00:00.15
